<?xml version="1.0" encoding="UTF-8"?>
<!-- Generated by org.testng.reporters.JUnitReportReporter -->
<testsuite hostname="LAPTOP-UP2OHUBA" failures="0" tests="2" name="qaclickacademy.AppiumTest" time="0.005" errors="0" timestamp="2021-01-29T15:19:55 PST" skipped="0">
  <testcase classname="qaclickacademy.AppiumTest" name="IOSApp" time="0.004"/>
  <system-out/>
  <testcase classname="qaclickacademy.AppiumTest" name="NativeAndriod" time="0.001"/>
  <system-out/>
</testsuite> <!-- qaclickacademy.AppiumTest -->
